<?xml version="1.0" encoding="UTF-8"?>
<testsuite xmlns:xsi="http://www.w3.org/2001/XMLSchema-instance" xsi:noNamespaceSchemaLocation="https://maven.apache.org/surefire/maven-surefire-plugin/xsd/surefire-test-report-3.0.xsd" version="3.0" name="com.marmitas.entregademarmitas.repository.MoradorRuaRepositoryTest" time="7.544" tests="18" errors="0" skipped="0" failures="0">
  <properties>
[...]
</properties>
  <testcase name="testExistsByNomeAndDataRetiradaBetween" classname="com.marmitas.entregademarmitas.repository.MoradorRuaRepositoryTest" time="0.404">
    <system-out><![CDATA[2026-05-15T11:10:06.979-03:00  INFO 1256 --- [entrega-de-marmitas] [           main] t.c.s.AnnotationConfigContextLoaderUtils : Could not detect default configuration classes for test class [com.marmitas.entregademarmitas.repository.MoradorRuaRepositoryTest]: MoradorRuaRepositoryTest does not declare any static, non-private, non-final, nested classes annotated with @Configuration.
2026-05-15T11:10:07.051-03:00  INFO 1256 --- [entrega-de-marmitas] [           main] .b.t.c.SpringBootTestContextBootstrapper : Found @SpringBootConfiguration com.marmitas.entregademarmitas.EntregaDeMarmitasApplication for test class com.marmitas.entregademarmitas.repository.MoradorRuaRepositoryTest

  .   ____          _            __ _ _
 /\\ / ___'_ __ _ _(_)_ __  __ _ \ \ \ \
( ( )\___ | '_ | '_| | '_ \/ _` | \ \ \ \
 \\/  ___)| |_)| | | | | || (_| |  ) ) ) )
  '  |____| .__|_| |_|_| |_\__, | / / / /
 =========|_|==============|___/=/_/_/_/
 :: Spring Boot ::                (v3.2.0)

2026-05-15T11:10:07.249-03:00  INFO 1256 --- [entrega-de-marmitas] [           main] c.m.e.r.MoradorRuaRepositoryTest         : Starting MoradorRuaRepositoryTest using Java 17.0.12 with PID 1256 (started by thicp in C:\PROJETO_ENTREGA_MARMITAS\entrega-de-marmitas)
2026-05-15T11:10:07.250-03:00  INFO 1256 --- [entrega-de-marmitas] [           main] c.m.e.r.MoradorRuaRepositoryTest         : The following 1 profile is active: "test"
2026-05-15T11:10:07.815-03:00  INFO 1256 --- [entrega-de-marmitas] [           main] .s.d.r.c.RepositoryConfigurationDelegate : Bootstrapping Spring Data JPA repositories in DEFAULT mode.
2026-05-15T11:10:07.967-03:00  INFO 1256 --- [entrega-de-marmitas] [           main] .s.d.r.c.RepositoryConfigurationDelegate : Finished Spring Data repository scanning in 123 ms. Found 4 JPA repository interfaces.
2026-05-15T11:10:08.094-03:00  INFO 1256 --- [entrega-de-marmitas] [           main] beddedDataSourceBeanFactoryPostProcessor : Replacing 'dataSource' DataSource bean with embedded version
2026-05-15T11:10:08.214-03:00  INFO 1256 --- [entrega-de-marmitas] [           main] o.s.j.d.e.EmbeddedDatabaseFactory        : Starting embedded database: url='jdbc:h2:mem:68ee2141-c228-459e-b925-363e122a9208;DB_CLOSE_DELAY=-1;DB_CLOSE_ON_EXIT=false', username='sa'
2026-05-15T11:10:09.230-03:00  INFO 1256 --- [entrega-de-marmitas] [           main] o.hibernate.jpa.internal.util.LogHelper  : HHH000204: Processing PersistenceUnitInfo [name: default]
2026-05-15T11:10:09.437-03:00  INFO 1256 --- [entrega-de-marmitas] [           main] org.hibernate.Version                    : HHH000412: Hibernate ORM core version 6.3.1.Final
2026-05-15T11:10:09.554-03:00  INFO 1256 --- [entrega-de-marmitas] [           main] o.h.c.internal.RegionFactoryInitiator    : HHH000026: Second-level cache disabled
2026-05-15T11:10:09.922-03:00  INFO 1256 --- [entrega-de-marmitas] [           main] o.s.o.j.p.SpringPersistenceUnitInfo      : No LoadTimeWeaver setup: ignoring JPA class transformer
2026-05-15T11:10:10.060-03:00  WARN 1256 --- [entrega-de-marmitas] [           main] org.hibernate.orm.deprecation            : HHH90000025: H2Dialect does not need to be specified explicitly using 'hibernate.dialect' (remove the property setting and it will be selected by default)
2026-05-15T11:10:11.894-03:00  INFO 1256 --- [entrega-de-marmitas] [           main] o.h.e.t.j.p.i.JtaPlatformInitiator       : HHH000489: No JTA platform available (set 'hibernate.transaction.jta.platform' to enable JTA platform integration)
Hibernate: drop table if exists clientes cascade 
Hibernate: drop table if exists moradores_rua cascade 
Hibernate: drop table if exists retiradas cascade 
Hibernate: drop table if exists usuarios cascade 
Hibernate: create table clientes (data date not null, recebeu boolean not null, id bigint generated by default as identity, endereco varchar(255) not null, nome varchar(255) not null, rg varchar(255) unique, primary key (id))
Hibernate: create table moradores_rua (data_registro timestamp(6) not null, data_retirada timestamp(6) not null, id bigint generated by default as identity, descricao varchar(255), nome varchar(255) not null, rg varchar(255), primary key (id))
Hibernate: create table retiradas (cliente_id bigint not null, data_retirada timestamp(6) not null, id bigint generated by default as identity, primary key (id))
Hibernate: create table usuarios (enabled boolean not null, id bigint generated by default as identity, password varchar(255) not null, role varchar(255) not null, username varchar(255) not null unique, primary key (id))
Hibernate: alter table if exists retiradas add constraint FKrgcxtglh031chhkoiytb4rtnu foreign key (cliente_id) references clientes
2026-05-15T11:10:12.013-03:00  INFO 1256 --- [entrega-de-marmitas] [           main] j.LocalContainerEntityManagerFactoryBean : Initialized JPA EntityManagerFactory for persistence unit 'default'
2026-05-15T11:10:12.751-03:00  INFO 1256 --- [entrega-de-marmitas] [           main] o.s.d.j.r.query.QueryEnhancerFactory     : Hibernate is in classpath; If applicable, HQL parser will be used.
2026-05-15T11:10:13.657-03:00  INFO 1256 --- [entrega-de-marmitas] [           main] c.m.e.r.MoradorRuaRepositoryTest         : Started MoradorRuaRepositoryTest in 6.598 seconds (process running for 14.483)
Hibernate: select mr1_0.id,mr1_0.data_registro,mr1_0.data_retirada,mr1_0.descricao,mr1_0.nome,mr1_0.rg from moradores_rua mr1_0
Hibernate: insert into moradores_rua (data_registro,data_retirada,descricao,nome,rg,id) values (?,?,?,?,?,default)
Hibernate: insert into moradores_rua (data_registro,data_retirada,descricao,nome,rg,id) values (?,?,?,?,?,default)
Hibernate: insert into moradores_rua (data_registro,data_retirada,descricao,nome,rg,id) values (?,?,?,?,?,default)
Hibernate: select count(mr1_0.id)>0 from moradores_rua mr1_0 where mr1_0.nome=? and mr1_0.data_retirada between ? and ?
]]></system-out>
  </testcase>
  <testcase name="testFindAll" classname="com.marmitas.entregademarmitas.repository.MoradorRuaRepositoryTest" time="0.019">
    <system-out><![CDATA[Hibernate: select mr1_0.id,mr1_0.data_registro,mr1_0.data_retirada,mr1_0.descricao,mr1_0.nome,mr1_0.rg from moradores_rua mr1_0
Hibernate: insert into moradores_rua (data_registro,data_retirada,descricao,nome,rg,id) values (?,?,?,?,?,default)
Hibernate: insert into moradores_rua (data_registro,data_retirada,descricao,nome,rg,id) values (?,?,?,?,?,default)
Hibernate: insert into moradores_rua (data_registro,data_retirada,descricao,nome,rg,id) values (?,?,?,?,?,default)
Hibernate: select mr1_0.id,mr1_0.data_registro,mr1_0.data_retirada,mr1_0.descricao,mr1_0.nome,mr1_0.rg from moradores_rua mr1_0
]]></system-out>
  </testcase>
  <testcase name="testFindByDataRetiradaBetween" classname="com.marmitas.entregademarmitas.repository.MoradorRuaRepositoryTest" time="0.025">
    <system-out><![CDATA[Hibernate: select mr1_0.id,mr1_0.data_registro,mr1_0.data_retirada,mr1_0.descricao,mr1_0.nome,mr1_0.rg from moradores_rua mr1_0
Hibernate: insert into moradores_rua (data_registro,data_retirada,descricao,nome,rg,id) values (?,?,?,?,?,default)
Hibernate: insert into moradores_rua (data_registro,data_retirada,descricao,nome,rg,id) values (?,?,?,?,?,default)
Hibernate: insert into moradores_rua (data_registro,data_retirada,descricao,nome,rg,id) values (?,?,?,?,?,default)
Hibernate: select mr1_0.id,mr1_0.data_registro,mr1_0.data_retirada,mr1_0.descricao,mr1_0.nome,mr1_0.rg from moradores_rua mr1_0 where mr1_0.data_retirada between ? and ?
]]></system-out>
  </testcase>
  <testcase name="testCount" classname="com.marmitas.entregademarmitas.repository.MoradorRuaRepositoryTest" time="0.032">
    <system-out><![CDATA[Hibernate: select mr1_0.id,mr1_0.data_registro,mr1_0.data_retirada,mr1_0.descricao,mr1_0.nome,mr1_0.rg from moradores_rua mr1_0
Hibernate: insert into moradores_rua (data_registro,data_retirada,descricao,nome,rg,id) values (?,?,?,?,?,default)
Hibernate: insert into moradores_rua (data_registro,data_retirada,descricao,nome,rg,id) values (?,?,?,?,?,default)
Hibernate: insert into moradores_rua (data_registro,data_retirada,descricao,nome,rg,id) values (?,?,?,?,?,default)
Hibernate: select count(*) from moradores_rua mr1_0
]]></system-out>
  </testcase>
  <testcase name="testSave" classname="com.marmitas.entregademarmitas.repository.MoradorRuaRepositoryTest" time="0.027">
    <system-out><![CDATA[Hibernate: select mr1_0.id,mr1_0.data_registro,mr1_0.data_retirada,mr1_0.descricao,mr1_0.nome,mr1_0.rg from moradores_rua mr1_0
Hibernate: insert into moradores_rua (data_registro,data_retirada,descricao,nome,rg,id) values (?,?,?,?,?,default)
Hibernate: insert into moradores_rua (data_registro,data_retirada,descricao,nome,rg,id) values (?,?,?,?,?,default)
Hibernate: insert into moradores_rua (data_registro,data_retirada,descricao,nome,rg,id) values (?,?,?,?,?,default)
Hibernate: insert into moradores_rua (data_registro,data_retirada,descricao,nome,rg,id) values (?,?,?,?,?,default)
]]></system-out>
  </testcase>
  <testcase name="testFindByNomeContainingUpperCase" classname="com.marmitas.entregademarmitas.repository.MoradorRuaRepositoryTest" time="0.037">
    <system-out><![CDATA[Hibernate: select mr1_0.id,mr1_0.data_registro,mr1_0.data_retirada,mr1_0.descricao,mr1_0.nome,mr1_0.rg from moradores_rua mr1_0
Hibernate: insert into moradores_rua (data_registro,data_retirada,descricao,nome,rg,id) values (?,?,?,?,?,default)
Hibernate: insert into moradores_rua (data_registro,data_retirada,descricao,nome,rg,id) values (?,?,?,?,?,default)
Hibernate: insert into moradores_rua (data_registro,data_retirada,descricao,nome,rg,id) values (?,?,?,?,?,default)
Hibernate: select mr1_0.id,mr1_0.data_registro,mr1_0.data_retirada,mr1_0.descricao,mr1_0.nome,mr1_0.rg from moradores_rua mr1_0 where upper(mr1_0.nome) like upper(?) escape '\'
]]></system-out>
  </testcase>
  <testcase name="testFindByNomeContainingNotFound" classname="com.marmitas.entregademarmitas.repository.MoradorRuaRepositoryTest" time="0.023">
    <system-out><![CDATA[Hibernate: select mr1_0.id,mr1_0.data_registro,mr1_0.data_retirada,mr1_0.descricao,mr1_0.nome,mr1_0.rg from moradores_rua mr1_0
Hibernate: insert into moradores_rua (data_registro,data_retirada,descricao,nome,rg,id) values (?,?,?,?,?,default)
Hibernate: insert into moradores_rua (data_registro,data_retirada,descricao,nome,rg,id) values (?,?,?,?,?,default)
Hibernate: insert into moradores_rua (data_registro,data_retirada,descricao,nome,rg,id) values (?,?,?,?,?,default)
Hibernate: select mr1_0.id,mr1_0.data_registro,mr1_0.data_retirada,mr1_0.descricao,mr1_0.nome,mr1_0.rg from moradores_rua mr1_0 where upper(mr1_0.nome) like upper(?) escape '\'
]]></system-out>
  </testcase>
  <testcase name="testExistsByNomeAndDataRetiradaBetweenFalse" classname="com.marmitas.entregademarmitas.repository.MoradorRuaRepositoryTest" time="0.025">
    <system-out><![CDATA[Hibernate: select mr1_0.id,mr1_0.data_registro,mr1_0.data_retirada,mr1_0.descricao,mr1_0.nome,mr1_0.rg from moradores_rua mr1_0
Hibernate: insert into moradores_rua (data_registro,data_retirada,descricao,nome,rg,id) values (?,?,?,?,?,default)
Hibernate: insert into moradores_rua (data_registro,data_retirada,descricao,nome,rg,id) values (?,?,?,?,?,default)
Hibernate: insert into moradores_rua (data_registro,data_retirada,descricao,nome,rg,id) values (?,?,?,?,?,default)
Hibernate: select count(mr1_0.id)>0 from moradores_rua mr1_0 where mr1_0.nome=? and mr1_0.data_retirada between ? and ?
]]></system-out>
  </testcase>
  <testcase name="testFindById" classname="com.marmitas.entregademarmitas.repository.MoradorRuaRepositoryTest" time="0.025">
    <system-out><![CDATA[Hibernate: select mr1_0.id,mr1_0.data_registro,mr1_0.data_retirada,mr1_0.descricao,mr1_0.nome,mr1_0.rg from moradores_rua mr1_0
Hibernate: insert into moradores_rua (data_registro,data_retirada,descricao,nome,rg,id) values (?,?,?,?,?,default)
Hibernate: insert into moradores_rua (data_registro,data_retirada,descricao,nome,rg,id) values (?,?,?,?,?,default)
Hibernate: insert into moradores_rua (data_registro,data_retirada,descricao,nome,rg,id) values (?,?,?,?,?,default)
]]></system-out>
  </testcase>
  <testcase name="testFindByRg" classname="com.marmitas.entregademarmitas.repository.MoradorRuaRepositoryTest" time="0.017">
    <system-out><![CDATA[Hibernate: select mr1_0.id,mr1_0.data_registro,mr1_0.data_retirada,mr1_0.descricao,mr1_0.nome,mr1_0.rg from moradores_rua mr1_0
Hibernate: insert into moradores_rua (data_registro,data_retirada,descricao,nome,rg,id) values (?,?,?,?,?,default)
Hibernate: insert into moradores_rua (data_registro,data_retirada,descricao,nome,rg,id) values (?,?,?,?,?,default)
Hibernate: insert into moradores_rua (data_registro,data_retirada,descricao,nome,rg,id) values (?,?,?,?,?,default)
Hibernate: select mr1_0.id,mr1_0.data_registro,mr1_0.data_retirada,mr1_0.descricao,mr1_0.nome,mr1_0.rg from moradores_rua mr1_0 where mr1_0.rg=?
]]></system-out>
  </testcase>
  <testcase name="testFindByIdNotFound" classname="com.marmitas.entregademarmitas.repository.MoradorRuaRepositoryTest" time="0.016">
    <system-out><![CDATA[Hibernate: select mr1_0.id,mr1_0.data_registro,mr1_0.data_retirada,mr1_0.descricao,mr1_0.nome,mr1_0.rg from moradores_rua mr1_0
Hibernate: insert into moradores_rua (data_registro,data_retirada,descricao,nome,rg,id) values (?,?,?,?,?,default)
Hibernate: insert into moradores_rua (data_registro,data_retirada,descricao,nome,rg,id) values (?,?,?,?,?,default)
Hibernate: insert into moradores_rua (data_registro,data_retirada,descricao,nome,rg,id) values (?,?,?,?,?,default)
Hibernate: select mr1_0.id,mr1_0.data_registro,mr1_0.data_retirada,mr1_0.descricao,mr1_0.nome,mr1_0.rg from moradores_rua mr1_0 where mr1_0.id=?
]]></system-out>
  </testcase>
  <testcase name="testFindByNomeContainingIgnoreCase" classname="com.marmitas.entregademarmitas.repository.MoradorRuaRepositoryTest" time="0.019">
    <system-out><![CDATA[Hibernate: select mr1_0.id,mr1_0.data_registro,mr1_0.data_retirada,mr1_0.descricao,mr1_0.nome,mr1_0.rg from moradores_rua mr1_0
Hibernate: insert into moradores_rua (data_registro,data_retirada,descricao,nome,rg,id) values (?,?,?,?,?,default)
Hibernate: insert into moradores_rua (data_registro,data_retirada,descricao,nome,rg,id) values (?,?,?,?,?,default)
Hibernate: insert into moradores_rua (data_registro,data_retirada,descricao,nome,rg,id) values (?,?,?,?,?,default)
Hibernate: select mr1_0.id,mr1_0.data_registro,mr1_0.data_retirada,mr1_0.descricao,mr1_0.nome,mr1_0.rg from moradores_rua mr1_0 where upper(mr1_0.nome) like upper(?) escape '\'
]]></system-out>
  </testcase>
  <testcase name="testDeleteById" classname="com.marmitas.entregademarmitas.repository.MoradorRuaRepositoryTest" time="0.033">
    <system-out><![CDATA[Hibernate: select mr1_0.id,mr1_0.data_registro,mr1_0.data_retirada,mr1_0.descricao,mr1_0.nome,mr1_0.rg from moradores_rua mr1_0
Hibernate: insert into moradores_rua (data_registro,data_retirada,descricao,nome,rg,id) values (?,?,?,?,?,default)
Hibernate: insert into moradores_rua (data_registro,data_retirada,descricao,nome,rg,id) values (?,?,?,?,?,default)
Hibernate: insert into moradores_rua (data_registro,data_retirada,descricao,nome,rg,id) values (?,?,?,?,?,default)
]]></system-out>
  </testcase>
  <testcase name="testExistsByRgAndDataRetiradaBetweenFalse" classname="com.marmitas.entregademarmitas.repository.MoradorRuaRepositoryTest" time="0.023">
    <system-out><![CDATA[Hibernate: select mr1_0.id,mr1_0.data_registro,mr1_0.data_retirada,mr1_0.descricao,mr1_0.nome,mr1_0.rg from moradores_rua mr1_0
Hibernate: insert into moradores_rua (data_registro,data_retirada,descricao,nome,rg,id) values (?,?,?,?,?,default)
Hibernate: insert into moradores_rua (data_registro,data_retirada,descricao,nome,rg,id) values (?,?,?,?,?,default)
Hibernate: insert into moradores_rua (data_registro,data_retirada,descricao,nome,rg,id) values (?,?,?,?,?,default)
Hibernate: select count(mr1_0.id)>0 from moradores_rua mr1_0 where mr1_0.rg=? and mr1_0.data_retirada between ? and ?
]]></system-out>
  </testcase>
  <testcase name="testExistsByRgAndDataRetiradaBetween" classname="com.marmitas.entregademarmitas.repository.MoradorRuaRepositoryTest" time="0.022">
    <system-out><![CDATA[Hibernate: select mr1_0.id,mr1_0.data_registro,mr1_0.data_retirada,mr1_0.descricao,mr1_0.nome,mr1_0.rg from moradores_rua mr1_0
Hibernate: insert into moradores_rua (data_registro,data_retirada,descricao,nome,rg,id) values (?,?,?,?,?,default)
Hibernate: insert into moradores_rua (data_registro,data_retirada,descricao,nome,rg,id) values (?,?,?,?,?,default)
Hibernate: insert into moradores_rua (data_registro,data_retirada,descricao,nome,rg,id) values (?,?,?,?,?,default)
Hibernate: select count(mr1_0.id)>0 from moradores_rua mr1_0 where mr1_0.rg=? and mr1_0.data_retirada between ? and ?
]]></system-out>
  </testcase>
  <testcase name="testFindByDataRetiradaBetweenEmpty" classname="com.marmitas.entregademarmitas.repository.MoradorRuaRepositoryTest" time="0.02">
    <system-out><![CDATA[Hibernate: select mr1_0.id,mr1_0.data_registro,mr1_0.data_retirada,mr1_0.descricao,mr1_0.nome,mr1_0.rg from moradores_rua mr1_0
Hibernate: insert into moradores_rua (data_registro,data_retirada,descricao,nome,rg,id) values (?,?,?,?,?,default)
Hibernate: insert into moradores_rua (data_registro,data_retirada,descricao,nome,rg,id) values (?,?,?,?,?,default)
Hibernate: insert into moradores_rua (data_registro,data_retirada,descricao,nome,rg,id) values (?,?,?,?,?,default)
Hibernate: select mr1_0.id,mr1_0.data_registro,mr1_0.data_retirada,mr1_0.descricao,mr1_0.nome,mr1_0.rg from moradores_rua mr1_0 where mr1_0.data_retirada between ? and ?
]]></system-out>
  </testcase>
  <testcase name="testFindByRgNotFound" classname="com.marmitas.entregademarmitas.repository.MoradorRuaRepositoryTest" time="0.015">
    <system-out><![CDATA[Hibernate: select mr1_0.id,mr1_0.data_registro,mr1_0.data_retirada,mr1_0.descricao,mr1_0.nome,mr1_0.rg from moradores_rua mr1_0
Hibernate: insert into moradores_rua (data_registro,data_retirada,descricao,nome,rg,id) values (?,?,?,?,?,default)
Hibernate: insert into moradores_rua (data_registro,data_retirada,descricao,nome,rg,id) values (?,?,?,?,?,default)
Hibernate: insert into moradores_rua (data_registro,data_retirada,descricao,nome,rg,id) values (?,?,?,?,?,default)
Hibernate: select mr1_0.id,mr1_0.data_registro,mr1_0.data_retirada,mr1_0.descricao,mr1_0.nome,mr1_0.rg from moradores_rua mr1_0 where mr1_0.rg=?
]]></system-out>
  </testcase>
  <testcase name="testFindByNomeContainingPartial" classname="com.marmitas.entregademarmitas.repository.MoradorRuaRepositoryTest" time="0.015">
    <system-out><![CDATA[Hibernate: select mr1_0.id,mr1_0.data_registro,mr1_0.data_retirada,mr1_0.descricao,mr1_0.nome,mr1_0.rg from moradores_rua mr1_0
Hibernate: insert into moradores_rua (data_registro,data_retirada,descricao,nome,rg,id) values (?,?,?,?,?,default)
Hibernate: insert into moradores_rua (data_registro,data_retirada,descricao,nome,rg,id) values (?,?,?,?,?,default)
Hibernate: insert into moradores_rua (data_registro,data_retirada,descricao,nome,rg,id) values (?,?,?,?,?,default)
Hibernate: select mr1_0.id,mr1_0.data_registro,mr1_0.data_retirada,mr1_0.descricao,mr1_0.nome,mr1_0.rg from moradores_rua mr1_0 where upper(mr1_0.nome) like upper(?) escape '\'
]]></system-out>
  </testcase>
</testsuite>